[debug] [2021-01-10T02:27:39.346Z] ----------------------------------------------------------------------
[debug] [2021-01-10T02:27:39.348Z] Command:       C:\Program Files\nodejs\node.exe C:\Users\danie\AppData\Roaming\npm\node_modules\firebase-tools\lib\bin\firebase.js deploy --project platzi-store-merch
[debug] [2021-01-10T02:27:39.348Z] CLI Version:   9.1.2
[debug] [2021-01-10T02:27:39.348Z] Platform:      win32
[debug] [2021-01-10T02:27:39.348Z] Node Version:  v15.5.0
[debug] [2021-01-10T02:27:39.349Z] Time:          Sat Jan 09 2021 23:27:39 GMT-0300 (hora de verano de Chile)
[debug] [2021-01-10T02:27:39.349Z] ----------------------------------------------------------------------
[debug] [2021-01-10T02:27:39.349Z] 
[debug] [2021-01-10T02:27:39.355Z] > command requires scopes: ["email","openid","https://www.googleapis.com/auth/cloudplatformprojects.readonly","https://www.googleapis.com/auth/firebase","https://www.googleapis.com/auth/cloud-platform"]
[debug] [2021-01-10T02:27:39.356Z] > authorizing via signed-in user
[debug] [2021-01-10T02:27:39.356Z] [iam] checking project platzi-store-merch for permissions ["firebase.projects.get","firebasehosting.sites.update"]
[debug] [2021-01-10T02:27:39.359Z] >>> HTTP REQUEST POST https://cloudresourcemanager.googleapis.com/v1/projects/platzi-store-merch:testIamPermissions  
 {"permissions":["firebase.projects.get","firebasehosting.sites.update"]}
[debug] [2021-01-10T02:27:40.476Z] <<< HTTP RESPONSE 200 {"content-type":"application/json; charset=UTF-8","vary":"X-Origin, Referer, Origin,Accept-Encoding","date":"Sun, 10 Jan 2021 02:27:39 GMT","server":"ESF","cache-control":"private","x-xss-protection":"0","x-frame-options":"SAMEORIGIN","x-content-type-options":"nosniff","server-timing":"gfet4t7; dur=1011","alt-svc":"h3-29=\":443\"; ma=2592000,h3-T051=\":443\"; ma=2592000,h3-Q050=\":443\"; ma=2592000,h3-Q046=\":443\"; ma=2592000,h3-Q043=\":443\"; ma=2592000,quic=\":443\"; ma=2592000; v=\"46,43\"","accept-ranges":"none","transfer-encoding":"chunked"}
[debug] [2021-01-10T02:27:40.477Z] [iam] error while checking permissions, command may fail: FirebaseError: Authorization failed. This account is missing the following required permissions on project platzi-store-merch:

  firebase.projects.get
  firebasehosting.sites.update
[debug] [2021-01-10T02:27:40.478Z] >>> HTTP REQUEST GET https://firebase.googleapis.com/v1beta1/projects/platzi-store-merch  
 
[debug] [2021-01-10T02:27:41.470Z] <<< HTTP RESPONSE 403 {"vary":"X-Origin, Referer, Origin,Accept-Encoding","content-type":"application/json; charset=UTF-8","date":"Sun, 10 Jan 2021 02:27:40 GMT","server":"ESF","cache-control":"private","x-xss-protection":"0","x-frame-options":"SAMEORIGIN","x-content-type-options":"nosniff","alt-svc":"h3-29=\":443\"; ma=2592000,h3-T051=\":443\"; ma=2592000,h3-Q050=\":443\"; ma=2592000,h3-Q046=\":443\"; ma=2592000,h3-Q043=\":443\"; ma=2592000,quic=\":443\"; ma=2592000; v=\"46,43\"","accept-ranges":"none","transfer-encoding":"chunked"}
[debug] [2021-01-10T02:27:41.471Z] <<< HTTP RESPONSE BODY {"error":{"code":403,"message":"The caller does not have permission","status":"PERMISSION_DENIED"}}
[debug] [2021-01-10T02:27:41.472Z] HTTP Error: 403, The caller does not have permission
[debug] [2021-01-10T02:27:41.535Z] FirebaseError: HTTP Error: 403, The caller does not have permission
    at module.exports (C:\Users\danie\AppData\Roaming\npm\node_modules\firebase-tools\lib\responseToError.js:38:12)
    at Request._callback (C:\Users\danie\AppData\Roaming\npm\node_modules\firebase-tools\lib\api.js:41:35)
    at Request.self.callback (C:\Users\danie\AppData\Roaming\npm\node_modules\firebase-tools\node_modules\request\request.js:185:22)
    at Request.emit (node:events:376:20)
    at Request.EventEmitter.emit (node:domain:470:12)
    at Request.<anonymous> (C:\Users\danie\AppData\Roaming\npm\node_modules\firebase-tools\node_modules\request\request.js:1154:10)
    at Request.emit (node:events:376:20)
    at Request.EventEmitter.emit (node:domain:470:12)
    at IncomingMessage.<anonymous> (C:\Users\danie\AppData\Roaming\npm\node_modules\firebase-tools\node_modules\request\request.js:1076:12)
    at Object.onceWrapper (node:events:482:28)
    at IncomingMessage.emit (node:events:388:22)
    at IncomingMessage.EventEmitter.emit (node:domain:470:12)
    at endReadableNT (node:internal/streams/readable:1305:12)
    at processTicksAndRejections (node:internal/process/task_queues:80:21)
[error] 
[error] Error: Failed to get Firebase project platzi-store-merch. Please make sure the project exists and your account has permission to access it.
